#
# There is insufficient memory for the Java Runtime Environment to continue.
# Native memory allocation (mmap) failed to map 402653184 bytes for G1 virtual space
# Possible reasons:
#   The system is out of physical RAM or swap space
#   The process is running with CompressedOops enabled, and the Java Heap may be blocking the growth of the native heap
# Possible solutions:
#   Reduce memory load on the system
#   Increase physical memory or swap space
#   Check if swap backing store is full
#   Decrease Java heap size (-Xmx/-Xms)
#   Decrease number of Java threads
#   Decrease Java thread stack sizes (-Xss)
#   Set larger code cache with -XX:ReservedCodeCacheSize=
#   JVM is running with Zero Based Compressed Oops mode in which the Java heap is
#     placed in the first 32GB address space. The Java Heap base address is the
#     maximum limit for the native heap growth. Please use -XX:HeapBaseMinAddress
#     to set the Java Heap base and to place the Java Heap above 32GB virtual address.
# This output file may be truncated or incomplete.
#
#  Out of Memory Error (os_windows.cpp:3535), pid=25256, tid=7624
#
# JRE version:  (17.0.4.1+1) (build )
# Java VM: Java HotSpot(TM) 64-Bit Server VM (17.0.4.1+1-LTS-2, mixed mode, sharing, tiered, compressed oops, compressed class ptrs, g1 gc, windows-amd64)
# No core dump will be written. Minidumps are not enabled by default on client versions of Windows
#

---------------  S U M M A R Y ------------

Command Line: -XX:+ShowCodeDetailsInExceptionMessages Moviegoer

Host: Intel(R) Core(TM) i7-7700HQ CPU @ 2.80GHz, 8 cores, 23G,  Windows 10 , 64 bit Build 17763 (10.0.17763.475)
Time: Sat Oct 29 18:03:25 2022 Malay Peninsula Standard Time elapsed time: 0.040684 seconds (0d 0h 0m 0s)

---------------  T H R E A D  ---------------

Current thread (0x00000259bcd4e720):  JavaThread "Unknown thread" [_thread_in_vm, id=7624, stack(0x000000bbd1f00000,0x000000bbd2000000)]

Stack: [0x000000bbd1f00000,0x000000bbd2000000]
Native frames: (J=compiled Java code, j=interpreted, Vv=VM code, C=native code)
V  [jvm.dll+0x6723ba]
V  [jvm.dll+0x7d1e34]
V  [jvm.dll+0x7d35de]
V  [jvm.dll+0x7d3c43]
V  [jvm.dll+0x243065]
V  [jvm.dll+0x66f2d9]
V  [jvm.dll+0x663c22]
V  [jvm.dll+0x3011cb]
V  [jvm.dll+0x308766]
V  [jvm.dll+0x35846e]
V  [jvm.dll+0x35869f]
V  [jvm.dll+0x2d83e8]
V  [jvm.dll+0x2d9354]
V  [jvm.dll+0x7a3911]
V  [jvm.dll+0x3662c1]
V  [jvm.dll+0x782d7c]
V  [jvm.dll+0x3e8c1f]
V  [jvm.dll+0x3ea6c1]
C  [jli.dll+0x527b]
C  [ucrtbase.dll+0x2268a]
C  [KERNEL32.DLL+0x17974]
C  [ntdll.dll+0x5a0b1]


---------------  P R O C E S S  ---------------

Threads class SMR info:
_java_thread_list=0x00007ffa082fa858, length=0, elements={
}

Java Threads: ( => current thread )

Other Threads:
  0x00000259bcdd9d30 GCTaskThread "GC Thread#0" [stack: 0x000000bbd2000000,0x000000bbd2100000] [id=9552]
  0x00000259bcde8450 ConcurrentGCThread "G1 Main Marker" [stack: 0x000000bbd2100000,0x000000bbd2200000] [id=26548]
  0x00000259bcde8e60 ConcurrentGCThread "G1 Conc#0" [stack: 0x000000bbd2200000,0x000000bbd2300000] [id=5044]

[error occurred during error reporting (printing all threads), id 0xc0000005, EXCEPTION_ACCESS_VIOLATION (0xc0000005) at pc=0x00007ffa07b48dd7]

VM state: not at safepoint (not fully initialized)

VM Mutex/Monitor currently owned by a thread:  ([mutex/lock_event])
[0x00000259bcd4bd40] Heap_lock - owner thread: 0x00000259bcd4e720

Heap address: 0x0000000680800000, size: 6136 MB, Compressed Oops mode: Zero based, Oop shift amount: 3

CDS archive(s) mapped at: [0x0000000000000000-0x0000000000000000-0x0000000000000000), size 0, SharedBaseAddress: 0x0000000800000000, ArchiveRelocationMode: 0.
Narrow klass base: 0x0000000000000000, Narrow klass shift: 0, Narrow klass range: 0x0

GC Precious Log:
<Empty>

Heap:
 garbage-first heap   total 0K, used 0K [0x0000000680800000, 0x0000000800000000)
  region size 4096K, 0 young (0K), 0 survivors (0K)

[error occurred during error reporting (printing heap information), id 0xc0000005, EXCEPTION_ACCESS_VIOLATION (0xc0000005) at pc=0x00007ffa07f2b869]

GC Heap History (0 events):
No events

Deoptimization events (0 events):
No events

Classes unloaded (0 events):
No events

Classes redefined (0 events):
No events

Internal exceptions (0 events):
No events

VM Operations (0 events):
No events

Events (1 events):
Event: 0.008 Loaded shared library C:\Program Files\Java\jdk-17.0.4.1\bin\java.dll


Dynamic libraries:
0x00007ff744280000 - 0x00007ff744290000 	C:\Program Files\Java\jdk-17.0.4.1\bin\java.exe
0x00007ffa577d0000 - 0x00007ffa579bd000 	C:\WINDOWS\SYSTEM32\ntdll.dll
0x00007ffa576b0000 - 0x00007ffa57763000 	C:\WINDOWS\System32\KERNEL32.DLL
0x00007ffa54460000 - 0x00007ffa546f5000 	C:\WINDOWS\System32\KERNELBASE.dll
0x00007ffa541d0000 - 0x00007ffa542ca000 	C:\WINDOWS\System32\ucrtbase.dll
0x00007ffa41200000 - 0x00007ffa4121a000 	C:\Program Files\Java\jdk-17.0.4.1\bin\VCRUNTIME140.dll
0x00007ffa40ef0000 - 0x00007ffa40f08000 	C:\Program Files\Java\jdk-17.0.4.1\bin\jli.dll
0x00007ffa56830000 - 0x00007ffa568d3000 	C:\WINDOWS\System32\ADVAPI32.dll
0x00007ffa54af0000 - 0x00007ffa54b8e000 	C:\WINDOWS\System32\msvcrt.dll
0x00007ffa55140000 - 0x00007ffa551de000 	C:\WINDOWS\System32\sechost.dll
0x00007ffa56900000 - 0x00007ffa56a22000 	C:\WINDOWS\System32\RPCRT4.dll
0x00007ffa56e60000 - 0x00007ffa56ff7000 	C:\WINDOWS\System32\USER32.dll
0x00007ffa44280000 - 0x00007ffa444f9000 	C:\WINDOWS\WinSxS\amd64_microsoft.windows.common-controls_6595b64144ccf1df_6.0.17763.1577_none_de7444545348a3d0\COMCTL32.dll
0x00007ffa53a50000 - 0x00007ffa53a70000 	C:\WINDOWS\System32\win32u.dll
0x00007ffa54d80000 - 0x00007ffa550ad000 	C:\WINDOWS\System32\combase.dll
0x00007ffa56800000 - 0x00007ffa56829000 	C:\WINDOWS\System32\GDI32.dll
0x00007ffa543e0000 - 0x00007ffa5445e000 	C:\WINDOWS\System32\bcryptPrimitives.dll
0x00007ffa54820000 - 0x00007ffa549bc000 	C:\WINDOWS\System32\gdi32full.dll
0x00007ffa54780000 - 0x00007ffa54820000 	C:\WINDOWS\System32\msvcp_win.dll
0x00007ffa4da20000 - 0x00007ffa4da2a000 	C:\WINDOWS\SYSTEM32\VERSION.dll
0x00007ffa54d40000 - 0x00007ffa54d6e000 	C:\WINDOWS\System32\IMM32.DLL
0x00007ffa49cc0000 - 0x00007ffa49ccc000 	C:\Program Files\Java\jdk-17.0.4.1\bin\vcruntime140_1.dll
0x00007ffa1a700000 - 0x00007ffa1a78d000 	C:\Program Files\Java\jdk-17.0.4.1\bin\msvcp140.dll
0x00007ffa07860000 - 0x00007ffa08422000 	C:\Program Files\Java\jdk-17.0.4.1\bin\server\jvm.dll
0x00007ffa55130000 - 0x00007ffa55138000 	C:\WINDOWS\System32\PSAPI.DLL
0x00007ffa3ffd0000 - 0x00007ffa3ffd9000 	C:\WINDOWS\SYSTEM32\WSOCK32.dll
0x00007ffa4f2d0000 - 0x00007ffa4f2f4000 	C:\WINDOWS\SYSTEM32\WINMM.dll
0x00007ffa566e0000 - 0x00007ffa5674d000 	C:\WINDOWS\System32\WS2_32.dll
0x00007ffa4f0d0000 - 0x00007ffa4f0fd000 	C:\WINDOWS\SYSTEM32\WINMMBASE.dll
0x00007ffa54700000 - 0x00007ffa5474a000 	C:\WINDOWS\System32\cfgmgr32.dll
0x00007ffa53830000 - 0x00007ffa53841000 	C:\WINDOWS\System32\kernel.appcore.dll
0x00007ffa499b0000 - 0x00007ffa499ba000 	C:\Program Files\Java\jdk-17.0.4.1\bin\jimage.dll
0x00007ffa51f70000 - 0x00007ffa5215d000 	C:\WINDOWS\SYSTEM32\DBGHELP.DLL
0x00007ffa3afc0000 - 0x00007ffa3afea000 	C:\WINDOWS\SYSTEM32\dbgcore.DLL
0x00007ffa2e390000 - 0x00007ffa2e3b5000 	C:\Program Files\Java\jdk-17.0.4.1\bin\java.dll

dbghelp: loaded successfully - version: 4.0.5 - missing functions: none
symbol engine: initialized successfully - sym options: 0x614 - pdb path: .;C:\Program Files\Java\jdk-17.0.4.1\bin;C:\WINDOWS\SYSTEM32;C:\WINDOWS\WinSxS\amd64_microsoft.windows.common-controls_6595b64144ccf1df_6.0.17763.1577_none_de7444545348a3d0;C:\Program Files\Java\jdk-17.0.4.1\bin\server

VM Arguments:
jvm_args: -XX:+ShowCodeDetailsInExceptionMessages 
java_command: Moviegoer
java_class_path (initial): C:\Users\Rhys\AppData\Roaming\Code\User\workspaceStorage\05ba91f36a241365c28d9fd0883a3494\redhat.java\jdt_ws\src_b6cd1efe\bin
Launcher Type: SUN_STANDARD

[Global flags]
     intx CICompilerCount                          = 4                                         {product} {ergonomic}
     uint ConcGCThreads                            = 2                                         {product} {ergonomic}
     uint G1ConcRefinementThreads                  = 8                                         {product} {ergonomic}
   size_t G1HeapRegionSize                         = 4194304                                   {product} {ergonomic}
    uintx GCDrainStackTargetSize                   = 64                                        {product} {ergonomic}
   size_t InitialHeapSize                          = 402653184                                 {product} {ergonomic}
   size_t MarkStackSize                            = 4194304                                   {product} {ergonomic}
   size_t MaxHeapSize                              = 6434062336                                {product} {ergonomic}
   size_t MinHeapDeltaBytes                        = 4194304                                   {product} {ergonomic}
   size_t MinHeapSize                              = 8388608                                   {product} {ergonomic}
    uintx NonNMethodCodeHeapSize                   = 5839372                                {pd product} {ergonomic}
    uintx NonProfiledCodeHeapSize                  = 122909434                              {pd product} {ergonomic}
    uintx ProfiledCodeHeapSize                     = 122909434                              {pd product} {ergonomic}
    uintx ReservedCodeCacheSize                    = 251658240                              {pd product} {ergonomic}
     bool SegmentedCodeCache                       = true                                      {product} {ergonomic}
     bool ShowCodeDetailsInExceptionMessages       = true                                   {manageable} {command line}
   size_t SoftMaxHeapSize                          = 6434062336                             {manageable} {ergonomic}
     bool UseCompressedClassPointers               = true                           {product lp64_product} {ergonomic}
     bool UseCompressedOops                        = true                           {product lp64_product} {ergonomic}
     bool UseG1GC                                  = true                                      {product} {ergonomic}
     bool UseLargePagesIndividualAllocation        = false                                  {pd product} {ergonomic}

Logging:
Log output configuration:
 #0: stdout all=warning uptime,level,tags
 #1: stderr all=off uptime,level,tags

Environment Variables:
JAVA_HOME=C:\Program Files\Java\jdk-17.0.4.1
PATH=C:\Program Files\Common Files\Oracle\Java\javapath;C:\Program Files (x86)\Intel\iCLS Client\;C:\Program Files\Intel\iCLS Client\;C:\Windows\system32;C:\Windows;C:\Windows\System32\Wbem;C:\Windows\System32\WindowsPowerShell\v1.0\;C:\Program Files (x86)\NVIDIA Corporation\PhysX\Common;C:\Program Files (x86)\Intel\Intel(R) Management Engine Components\DAL;C:\Program Files\Intel\Intel(R) Management Engine Components\DAL;C:\Program Files (x86)\Intel\Intel(R) Management Engine Components\IPT;C:\Program Files\Intel\Intel(R) Management Engine Components\IPT;C:\WINDOWS\system32;C:\WINDOWS;C:\WINDOWS\System32\Wbem;C:\WINDOWS\System32\WindowsPowerShell\v1.0\;C:\Program Files\Intel\WiFi\bin\;C:\Program Files\Common Files\Intel\WirelessCommon\;C:\WINDOWS\System32\OpenSSH\;C:\Program Files (x86)\Pulse Secure\VC142.CRT\X64\;C:\Program Files (x86)\Pulse Secure\VC142.CRT\X86\;C:\Program Files (x86)\dotnet\;%JAVA_HOME%\bin;C:\Program Files\Git\cmd;C:\Users\Rhys\AppData\Local\Programs\Python\Python310\Scripts\;C:\Users\Rhys\AppData\Local\Programs\Python\Python310\;C:\Users\Rhys\AppData\Local\Microsoft\WindowsApps;C:\Users\Rhys\AppData\Local\Programs\Microsoft VS Code\bin;D:\Program Files\IntelliJ IDEA 2022.2.3\bin;;C:\Users\Rhys\AppData\Local\GitHubDesktop\bin
USERNAME=Rhys
LANG=en_US.UTF-8
OS=Windows_NT
PROCESSOR_IDENTIFIER=Intel64 Family 6 Model 158 Stepping 9, GenuineIntel



---------------  S Y S T E M  ---------------

OS:
 Windows 10 , 64 bit Build 17763 (10.0.17763.475)
OS uptime: 71 days 19:30 hours

CPU: total 8 (initial active 8) (4 cores per cpu, 2 threads per core) family 6 model 158 stepping 9 microcode 0x8e, cx8, cmov, fxsr, ht, mmx, 3dnowpref, sse, sse2, sse3, ssse3, sse4.1, sse4.2, popcnt, lzcnt, tsc, tscinvbit, avx, avx2, aes, erms, clmul, bmi1, bmi2, adx, fma, vzeroupper, clflush, clflushopt

Memory: 4k page, system-wide physical 24532M (12881M free)
TotalPageFile size 39658M (AvailPageFile size 356M)
current process WorkingSet (physical memory assigned to process): 10M, peak: 10M
current process commit charge ("private bytes"): 60M, peak: 444M

vm_info: Java HotSpot(TM) 64-Bit Server VM (17.0.4.1+1-LTS-2) for windows-amd64 JRE (17.0.4.1+1-LTS-2), built on Aug 16 2022 18:32:06 by "mach5one" with MS VC++ 16.8 / 16.9 (VS2019)

END.
